# JRE version: OpenJDK Runtime Environment GraalVM CE 22.3.0 (17.0.5+8) (build 17.0.5+8-jvmci-22.3-b08)
# Java VM: OpenJDK 64-Bit Server VM GraalVM CE 22.3.0 (17.0.5+8-jvmci-22.3-b08, mixed mode, sharing, tiered, jvmci, jvmci compiler, compressed oops, compressed class ptrs, parallel gc, linux-amd64)
GC Precious Log:
 CPUs: 8 total, 1 available
 Memory: 1024M
 Large Page Support: Disabled
 NUMA Support: Disabled
 Compressed Oops: Enabled (32-bit)
 Alignments: Space 512K, Generation 512K, Heap 2M
 Heap Min Capacity: 100M
 Heap Initial Capacity: 100M
 Heap Max Capacity: 512M
 Pre-touch: Disabled
 Parallel Workers: 1
Heap:
 PSYoungGen      total 49152K, used 24576K [0x00000000f5580000, 0x00000000fab80000, 0x0000000100000000)
  eden space 24576K, 100% used [0x00000000f5580000,0x00000000f6d80000,0x00000000f6d80000)
  from space 24576K, 0% used [0x00000000f6d80000,0x00000000f6d80000,0x00000000f8580000)
  to   space 29696K, 0% used [0x00000000f8e80000,0x00000000f8e80000,0x00000000fab80000)
 ParOldGen       total 349696K, used 349695K [0x00000000e0000000, 0x00000000f5580000, 0x00000000f5580000)
  object space 349696K, 99% used [0x00000000e0000000,0x00000000f557ffe0,0x00000000f5580000)
 Metaspace       used 54264K, committed 55040K, reserved 1105920K
  class space    used 5426K, committed 5760K, reserved 1048576K
GC Heap History (20 events):
Event: 1274.583 GC heap before
{Heap before GC invocations=1217 (full 1125):
 PSYoungGen      total 49152K, used 24575K [0x00000000f5580000, 0x00000000fab80000, 0x0000000100000000)
  eden space 24576K, 99% used [0x00000000f5580000,0x00000000f6d7fff0,0x00000000f6d80000)
  from space 24576K, 0% used [0x00000000f6d80000,0x00000000f6d80000,0x00000000f8580000)
  to   space 29696K, 0% used [0x00000000f8e80000,0x00000000f8e80000,0x00000000fab80000)
 ParOldGen       total 349696K, used 349684K [0x00000000e0000000, 0x00000000f5580000, 0x00000000f5580000)
  object space 349696K, 99% used [0x00000000e0000000,0x00000000f557d0f8,0x00000000f5580000)
 Metaspace       used 54263K, committed 55040K, reserved 1105920K
  class space    used 5426K, committed 5760K, reserved 1048576K
}
Event: 1275.763 GC heap after
{Heap after GC invocations=1217 (full 1125):
 PSYoungGen      total 54272K, used 24575K [0x00000000f5580000, 0x00000000fab80000, 0x0000000100000000)
  eden space 24576K, 99% used [0x00000000f5580000,0x00000000f6d7fff0,0x00000000f6d80000)
  from space 29696K, 0% used [0x00000000f8e80000,0x00000000f8e80000,0x00000000fab80000)
  to   space 24576K, 0% used [0x00000000f6d80000,0x00000000f6d80000,0x00000000f8580000)
 ParOldGen       total 349696K, used 349684K [0x00000000e0000000, 0x00000000f5580000, 0x00000000f5580000)
  object space 349696K, 99% used [0x00000000e0000000,0x00000000f557d0e0,0x00000000f5580000)
 Metaspace       used 54263K, committed 55040K, reserved 1105920K
  class space    used 5426K, committed 5760K, reserved 1048576K
}
Event: 1275.763 GC heap before
{Heap before GC invocations=1218 (full 1126):
 PSYoungGen      total 54272K, used 24576K [0x00000000f5580000, 0x00000000fab80000, 0x0000000100000000)
  eden space 24576K, 100% used [0x00000000f5580000,0x00000000f6d80000,0x00000000f6d80000)
  from space 29696K, 0% used [0x00000000f8e80000,0x00000000f8e80000,0x00000000fab80000)
  to   space 24576K, 0% used [0x00000000f6d80000,0x00000000f6d80000,0x00000000f8580000)
 ParOldGen       total 349696K, used 349687K [0x00000000e0000000, 0x00000000f5580000, 0x00000000f5580000)
  object space 349696K, 99% used [0x00000000e0000000,0x00000000f557dc60,0x00000000f5580000)
 Metaspace       used 54263K, committed 55040K, reserved 1105920K
  class space    used 5426K, committed 5760K, reserved 1048576K
}
Event: 1276.871 GC heap after
{Heap after GC invocations=1218 (full 1126):
 PSYoungGen      total 49152K, used 24575K [0x00000000f5580000, 0x00000000fab80000, 0x0000000100000000)
  eden space 24576K, 99% used [0x00000000f5580000,0x00000000f6d7ffc0,0x00000000f6d80000)
  from space 24576K, 0% used [0x00000000f6d80000,0x00000000f6d80000,0x00000000f8580000)
  to   space 29696K, 0% used [0x00000000f8e80000,0x00000000f8e80000,0x00000000fab80000)
 ParOldGen       total 349696K, used 349684K [0x00000000e0000000, 0x00000000f5580000, 0x00000000f5580000)
  object space 349696K, 99% used [0x00000000e0000000,0x00000000f557d370,0x00000000f5580000)
 Metaspace       used 54263K, committed 55040K, reserved 1105920K
  class space    used 5426K, committed 5760K, reserved 1048576K
}
Event: 1276.874 GC heap before
{Heap before GC invocations=1219 (full 1127):
 PSYoungGen      total 49152K, used 24576K [0x00000000f5580000, 0x00000000fab80000, 0x0000000100000000)
  eden space 24576K, 100% used [0x00000000f5580000,0x00000000f6d80000,0x00000000f6d80000)
  from space 24576K, 0% used [0x00000000f6d80000,0x00000000f6d80000,0x00000000f8580000)
  to   space 29696K, 0% used [0x00000000f8e80000,0x00000000f8e80000,0x00000000fab80000)
 ParOldGen       total 349696K, used 349684K [0x00000000e0000000, 0x00000000f5580000, 0x00000000f5580000)
  object space 349696K, 99% used [0x00000000e0000000,0x00000000f557d370,0x00000000f5580000)
 Metaspace       used 54263K, committed 55040K, reserved 1105920K
  class space    used 5426K, committed 5760K, reserved 1048576K
}
Event: 1278.081 GC heap after
{Heap after GC invocations=1219 (full 1127):
 PSYoungGen      total 54272K, used 24575K [0x00000000f5580000, 0x00000000fab80000, 0x0000000100000000)
  eden space 24576K, 99% used [0x00000000f5580000,0x00000000f6d7ffe0,0x00000000f6d80000)
  from space 29696K, 0% used [0x00000000f8e80000,0x00000000f8e80000,0x00000000fab80000)
  to   space 24576K, 0% used [0x00000000f6d80000,0x00000000f6d80000,0x00000000f8580000)
 ParOldGen       total 349696K, used 349684K [0x00000000e0000000, 0x00000000f5580000, 0x00000000f5580000)
  object space 349696K, 99% used [0x00000000e0000000,0x00000000f557d370,0x00000000f5580000)
 Metaspace       used 54263K, committed 55040K, reserved 1105920K
  class space    used 5426K, committed 5760K, reserved 1048576K
}
Event: 1278.083 GC heap before
{Heap before GC invocations=1220 (full 1128):
 PSYoungGen      total 54272K, used 24576K [0x00000000f5580000, 0x00000000fab80000, 0x0000000100000000)
  eden space 24576K, 100% used [0x00000000f5580000,0x00000000f6d80000,0x00000000f6d80000)
  from space 29696K, 0% used [0x00000000f8e80000,0x00000000f8e80000,0x00000000fab80000)
  to   space 24576K, 0% used [0x00000000f6d80000,0x00000000f6d80000,0x00000000f8580000)
 ParOldGen       total 349696K, used 349684K [0x00000000e0000000, 0x00000000f5580000, 0x00000000f5580000)
  object space 349696K, 99% used [0x00000000e0000000,0x00000000f557d370,0x00000000f5580000)
 Metaspace       used 54264K, committed 55040K, reserved 1105920K
  class space    used 5426K, committed 5760K, reserved 1048576K
}
Event: 1279.086 GC heap after
{Heap after GC invocations=1220 (full 1128):
 PSYoungGen      total 49152K, used 24576K [0x00000000f5580000, 0x00000000fab80000, 0x0000000100000000)
  eden space 24576K, 100% used [0x00000000f5580000,0x00000000f6d80000,0x00000000f6d80000)
  from space 24576K, 0% used [0x00000000f6d80000,0x00000000f6d80000,0x00000000f8580000)
  to   space 29696K, 0% used [0x00000000f8e80000,0x00000000f8e80000,0x00000000fab80000)
 ParOldGen       total 349696K, used 349684K [0x00000000e0000000, 0x00000000f5580000, 0x00000000f5580000)
  object space 349696K, 99% used [0x00000000e0000000,0x00000000f557d350,0x00000000f5580000)
 Metaspace       used 54264K, committed 55040K, reserved 1105920K
  class space    used 5426K, committed 5760K, reserved 1048576K
}
Event: 1279.086 GC heap before
{Heap before GC invocations=1221 (full 1129):
 PSYoungGen      total 49152K, used 24576K [0x00000000f5580000, 0x00000000fab80000, 0x0000000100000000)
  eden space 24576K, 100% used [0x00000000f5580000,0x00000000f6d80000,0x00000000f6d80000)
  from space 24576K, 0% used [0x00000000f6d80000,0x00000000f6d80000,0x00000000f8580000)
  to   space 29696K, 0% used [0x00000000f8e80000,0x00000000f8e80000,0x00000000fab80000)
 ParOldGen       total 349696K, used 349694K [0x00000000e0000000, 0x00000000f5580000, 0x00000000f5580000)
  object space 349696K, 99% used [0x00000000e0000000,0x00000000f557f988,0x00000000f5580000)
 Metaspace       used 54264K, committed 55040K, reserved 1105920K
  class space    used 5426K, committed 5760K, reserved 1048576K
}
Event: 1280.139 GC heap after
{Heap after GC invocations=1221 (full 1129):
 PSYoungGen      total 54272K, used 24576K [0x00000000f5580000, 0x00000000fab80000, 0x0000000100000000)
  eden space 24576K, 100% used [0x00000000f5580000,0x00000000f6d80000,0x00000000f6d80000)
  from space 29696K, 0% used [0x00000000f8e80000,0x00000000f8e80000,0x00000000fab80000)
  to   space 24576K, 0% used [0x00000000f6d80000,0x00000000f6d80000,0x00000000f8580000)
 ParOldGen       total 349696K, used 349693K [0x00000000e0000000, 0x00000000f5580000, 0x00000000f5580000)
  object space 349696K, 99% used [0x00000000e0000000,0x00000000f557f4d0,0x00000000f5580000)
 Metaspace       used 54264K, committed 55040K, reserved 1105920K
  class space    used 5426K, committed 5760K, reserved 1048576K
}
Event: 1280.139 GC heap before
{Heap before GC invocations=1222 (full 1130):
 PSYoungGen      total 54272K, used 24576K [0x00000000f5580000, 0x00000000fab80000, 0x0000000100000000)
  eden space 24576K, 100% used [0x00000000f5580000,0x00000000f6d80000,0x00000000f6d80000)
  from space 29696K, 0% used [0x00000000f8e80000,0x00000000f8e80000,0x00000000fab80000)
  to   space 24576K, 0% used [0x00000000f6d80000,0x00000000f6d80000,0x00000000f8580000)
 ParOldGen       total 349696K, used 349695K [0x00000000e0000000, 0x00000000f5580000, 0x00000000f5580000)
  object space 349696K, 99% used [0x00000000e0000000,0x00000000f557fd50,0x00000000f5580000)
 Metaspace       used 54264K, committed 55040K, reserved 1105920K
  class space    used 5426K, committed 5760K, reserved 1048576K
}
Event: 1281.292 GC heap after
{Heap after GC invocations=1222 (full 1130):
 PSYoungGen      total 49152K, used 24575K [0x00000000f5580000, 0x00000000fab80000, 0x0000000100000000)
  eden space 24576K, 99% used [0x00000000f5580000,0x00000000f6d7ff10,0x00000000f6d80000)
  from space 24576K, 0% used [0x00000000f6d80000,0x00000000f6d80000,0x00000000f8580000)
  to   space 29696K, 0% used [0x00000000f8e80000,0x00000000f8e80000,0x00000000fab80000)
 ParOldGen       total 349696K, used 349694K [0x00000000e0000000, 0x00000000f5580000, 0x00000000f5580000)
  object space 349696K, 99% used [0x00000000e0000000,0x00000000f557fb40,0x00000000f5580000)
 Metaspace       used 54264K, committed 55040K, reserved 1105920K
  class space    used 5426K, committed 5760K, reserved 1048576K
}
Event: 1281.338 GC heap before
{Heap before GC invocations=1223 (full 1131):
 PSYoungGen      total 49152K, used 24576K [0x00000000f5580000, 0x00000000fab80000, 0x0000000100000000)
  eden space 24576K, 100% used [0x00000000f5580000,0x00000000f6d80000,0x00000000f6d80000)
  from space 24576K, 0% used [0x00000000f6d80000,0x00000000f6d80000,0x00000000f8580000)
  to   space 29696K, 0% used [0x00000000f8e80000,0x00000000f8e80000,0x00000000fab80000)
 ParOldGen       total 349696K, used 349694K [0x00000000e0000000, 0x00000000f5580000, 0x00000000f5580000)
  object space 349696K, 99% used [0x00000000e0000000,0x00000000f557fb40,0x00000000f5580000)
 Metaspace       used 54264K, committed 55040K, reserved 1105920K
  class space    used 5426K, committed 5760K, reserved 1048576K
}
Event: 1282.385 GC heap after
{Heap after GC invocations=1223 (full 1131):
 PSYoungGen      total 54272K, used 24575K [0x00000000f5580000, 0x00000000fab80000, 0x0000000100000000)
  eden space 24576K, 99% used [0x00000000f5580000,0x00000000f6d7ff10,0x00000000f6d80000)
  from space 29696K, 0% used [0x00000000f8e80000,0x00000000f8e80000,0x00000000fab80000)
  to   space 24576K, 0% used [0x00000000f6d80000,0x00000000f6d80000,0x00000000f8580000)
 ParOldGen       total 349696K, used 349694K [0x00000000e0000000, 0x00000000f5580000, 0x00000000f5580000)
  object space 349696K, 99% used [0x00000000e0000000,0x00000000f557fb40,0x00000000f5580000)
 Metaspace       used 54264K, committed 55040K, reserved 1105920K
  class space    used 5426K, committed 5760K, reserved 1048576K
}
Event: 1282.385 GC heap before
{Heap before GC invocations=1224 (full 1132):
 PSYoungGen      total 54272K, used 24576K [0x00000000f5580000, 0x00000000fab80000, 0x0000000100000000)
  eden space 24576K, 100% used [0x00000000f5580000,0x00000000f6d80000,0x00000000f6d80000)
  from space 29696K, 0% used [0x00000000f8e80000,0x00000000f8e80000,0x00000000fab80000)
  to   space 24576K, 0% used [0x00000000f6d80000,0x00000000f6d80000,0x00000000f8580000)
 ParOldGen       total 349696K, used 349694K [0x00000000e0000000, 0x00000000f5580000, 0x00000000f5580000)
  object space 349696K, 99% used [0x00000000e0000000,0x00000000f557fb40,0x00000000f5580000)
 Metaspace       used 54264K, committed 55040K, reserved 1105920K
  class space    used 5426K, committed 5760K, reserved 1048576K
}
Event: 1283.538 GC heap after
{Heap after GC invocations=1224 (full 1132):
 PSYoungGen      total 49152K, used 24575K [0x00000000f5580000, 0x00000000fab80000, 0x0000000100000000)
  eden space 24576K, 99% used [0x00000000f5580000,0x00000000f6d7ff10,0x00000000f6d80000)
  from space 24576K, 0% used [0x00000000f6d80000,0x00000000f6d80000,0x00000000f8580000)
  to   space 29696K, 0% used [0x00000000f8e80000,0x00000000f8e80000,0x00000000fab80000)
 ParOldGen       total 349696K, used 349694K [0x00000000e0000000, 0x00000000f5580000, 0x00000000f5580000)
  object space 349696K, 99% used [0x00000000e0000000,0x00000000f557fb40,0x00000000f5580000)
 Metaspace       used 54264K, committed 55040K, reserved 1105920K
  class space    used 5426K, committed 5760K, reserved 1048576K
}
Event: 1283.538 GC heap before
{Heap before GC invocations=1225 (full 1133):
 PSYoungGen      total 49152K, used 24575K [0x00000000f5580000, 0x00000000fab80000, 0x0000000100000000)
  eden space 24576K, 99% used [0x00000000f5580000,0x00000000f6d7ffa8,0x00000000f6d80000)
  from space 24576K, 0% used [0x00000000f6d80000,0x00000000f6d80000,0x00000000f8580000)
  to   space 29696K, 0% used [0x00000000f8e80000,0x00000000f8e80000,0x00000000fab80000)
 ParOldGen       total 349696K, used 349694K [0x00000000e0000000, 0x00000000f5580000, 0x00000000f5580000)
  object space 349696K, 99% used [0x00000000e0000000,0x00000000f557fb40,0x00000000f5580000)
 Metaspace       used 54264K, committed 55040K, reserved 1105920K
  class space    used 5426K, committed 5760K, reserved 1048576K
}
Event: 1284.584 GC heap after
{Heap after GC invocations=1225 (full 1133):
 PSYoungGen      total 54272K, used 24575K [0x00000000f5580000, 0x00000000fab80000, 0x0000000100000000)
  eden space 24576K, 99% used [0x00000000f5580000,0x00000000f6d7ff28,0x00000000f6d80000)
  from space 29696K, 0% used [0x00000000f8e80000,0x00000000f8e80000,0x00000000fab80000)
  to   space 24576K, 0% used [0x00000000f6d80000,0x00000000f6d80000,0x00000000f8580000)
 ParOldGen       total 349696K, used 349694K [0x00000000e0000000, 0x00000000f5580000, 0x00000000f5580000)
  object space 349696K, 99% used [0x00000000e0000000,0x00000000f557fb40,0x00000000f5580000)
 Metaspace       used 54264K, committed 55040K, reserved 1105920K
  class space    used 5426K, committed 5760K, reserved 1048576K
}
Event: 1284.584 GC heap before
{Heap before GC invocations=1226 (full 1134):
 PSYoungGen      total 54272K, used 24575K [0x00000000f5580000, 0x00000000fab80000, 0x0000000100000000)
  eden space 24576K, 99% used [0x00000000f5580000,0x00000000f6d7ff28,0x00000000f6d80000)
  from space 29696K, 0% used [0x00000000f8e80000,0x00000000f8e80000,0x00000000fab80000)
  to   space 24576K, 0% used [0x00000000f6d80000,0x00000000f6d80000,0x00000000f8580000)
 ParOldGen       total 349696K, used 349694K [0x00000000e0000000, 0x00000000f5580000, 0x00000000f5580000)
  object space 349696K, 99% used [0x00000000e0000000,0x00000000f557fb40,0x00000000f5580000)
 Metaspace       used 54264K, committed 55040K, reserved 1105920K
  class space    used 5426K, committed 5760K, reserved 1048576K
}
Event: 1285.751 GC heap after
{Heap after GC invocations=1226 (full 1134):
 PSYoungGen      total 49152K, used 24575K [0x00000000f5580000, 0x00000000fab80000, 0x0000000100000000)
  eden space 24576K, 99% used [0x00000000f5580000,0x00000000f6d7ff28,0x00000000f6d80000)
  from space 24576K, 0% used [0x00000000f6d80000,0x00000000f6d80000,0x00000000f8580000)
  to   space 29696K, 0% used [0x00000000f8e80000,0x00000000f8e80000,0x00000000fab80000)
 ParOldGen       total 349696K, used 349694K [0x00000000e0000000, 0x00000000f5580000, 0x00000000f5580000)
  object space 349696K, 99% used [0x00000000e0000000,0x00000000f557fb40,0x00000000f5580000)
 Metaspace       used 54264K, committed 55040K, reserved 1105920K
  class space    used 5426K, committed 5760K, reserved 1048576K
}

